<?xml version="1.0" encoding="UTF-8"?>
<testsuite xmlns:xsi="http://www.w3.org/2001/XMLSchema-instance" xsi:noNamespaceSchemaLocation="https://maven.apache.org/surefire/maven-surefire-plugin/xsd/surefire-test-report.xsd" version="3.0.2" name="com.sunil.fixMyArea.FixMyAreaApplicationTests" time="5.293" tests="1" errors="0" skipped="0" failures="0" flakes="0">
  <properties>
[...]
</properties>
  <testcase name="contextLoads" classname="com.sunil.fixMyArea.FixMyAreaApplicationTests" time="0.388">
    <system-out><![CDATA[21:26:39.299 [main] INFO org.springframework.test.context.support.AnnotationConfigContextLoaderUtils -- Could not detect default configuration classes for test class [com.sunil.fixMyArea.FixMyAreaApplicationTests]: FixMyAreaApplicationTests does not declare any static, non-private, non-final, nested classes annotated with @Configuration.
21:26:39.382 [main] INFO org.springframework.boot.test.context.SpringBootTestContextBootstrapper -- Found @SpringBootConfiguration com.sunil.fixMyArea.FixMyAreaApplication for test class com.sunil.fixMyArea.FixMyAreaApplicationTests
21:26:39.457 [main] INFO org.springframework.test.context.support.AnnotationConfigContextLoaderUtils -- Could not detect default configuration classes for test class [com.sunil.fixMyArea.FixMyAreaApplicationTests]: FixMyAreaApplicationTests does not declare any static, non-private, non-final, nested classes annotated with @Configuration.
21:26:39.461 [main] INFO org.springframework.boot.test.context.SpringBootTestContextBootstrapper -- Found @SpringBootConfiguration com.sunil.fixMyArea.FixMyAreaApplication for test class com.sunil.fixMyArea.FixMyAreaApplicationTests

  .   ____          _            __ _ _
 /\\ / ___'_ __ _ _(_)_ __  __ _ \ \ \ \
( ( )\___ | '_ | '_| | '_ \/ _` | \ \ \ \
 \\/  ___)| |_)| | | | | || (_| |  ) ) ) )
  '  |____| .__|_| |_|_| |_\__, | / / / /
 =========|_|==============|___/=/_/_/_/

 :: Spring Boot ::                (v4.0.4)

2026-03-23T21:26:39.782+05:30  INFO 9288 --- [fixMyArea] [           main] c.s.fixMyArea.FixMyAreaApplicationTests  : Starting FixMyAreaApplicationTests using Java 21.0.6 with PID 9288 (started by sunus in W:\WORK\Git\Hackathon_sir\hackathon_2026_Phase_1\fixMyArea)
2026-03-23T21:26:39.784+05:30  INFO 9288 --- [fixMyArea] [           main] c.s.fixMyArea.FixMyAreaApplicationTests  : No active profile set, falling back to 1 default profile: "default"
2026-03-23T21:26:40.384+05:30  INFO 9288 --- [fixMyArea] [           main] .s.d.r.c.RepositoryConfigurationDelegate : Bootstrapping Spring Data JPA repositories in DEFAULT mode.
2026-03-23T21:26:40.408+05:30  INFO 9288 --- [fixMyArea] [           main] .s.d.r.c.RepositoryConfigurationDelegate : Finished Spring Data repository scanning in 14 ms. Found 0 JPA repository interfaces.
2026-03-23T21:26:40.755+05:30  INFO 9288 --- [fixMyArea] [           main] org.hibernate.orm.jpa                    : HHH008540: Processing PersistenceUnitInfo [name: default]
2026-03-23T21:26:40.802+05:30  INFO 9288 --- [fixMyArea] [           main] org.hibernate.orm.core                   : HHH000001: Hibernate ORM core version 7.2.7.Final
2026-03-23T21:26:41.422+05:30  INFO 9288 --- [fixMyArea] [           main] o.s.o.j.p.SpringPersistenceUnitInfo      : No LoadTimeWeaver setup: ignoring JPA class transformer
2026-03-23T21:26:41.460+05:30  INFO 9288 --- [fixMyArea] [           main] com.zaxxer.hikari.HikariDataSource       : HikariPool-1 - Starting...
2026-03-23T21:26:41.786+05:30  INFO 9288 --- [fixMyArea] [           main] com.zaxxer.hikari.pool.HikariPool        : HikariPool-1 - Added connection com.mysql.cj.jdbc.ConnectionImpl@2dc73024
2026-03-23T21:26:41.787+05:30  INFO 9288 --- [fixMyArea] [           main] com.zaxxer.hikari.HikariDataSource       : HikariPool-1 - Start completed.
2026-03-23T21:26:41.836+05:30  WARN 9288 --- [fixMyArea] [           main] org.hibernate.orm.deprecation            : HHH90000025: MySQLDialect does not need to be specified explicitly using 'hibernate.dialect' (remove the property setting and it will be selected by default)
2026-03-23T21:26:41.863+05:30  INFO 9288 --- [fixMyArea] [           main] org.hibernate.orm.connections.pooling    : HHH10001005: Database info:
	Database JDBC URL [jdbc:mysql://localhost:3306/fix_my_area]
	Database driver: MySQL Connector/J
	Database dialect: MySQLDialect
	Database version: 8.0.42
	Default catalog/schema: fix_my_area/undefined
	Autocommit mode: undefined/unknown
	Isolation level: REPEATABLE_READ [default REPEATABLE_READ]
	JDBC fetch size: none
	Pool: DataSourceConnectionProvider
	Minimum pool size: undefined/unknown
	Maximum pool size: undefined/unknown
2026-03-23T21:26:42.639+05:30  INFO 9288 --- [fixMyArea] [           main] org.hibernate.orm.core                   : HHH000489: No JTA platform available (set 'hibernate.transaction.jta.platform' to enable JTA platform integration)
Hibernate: create table complaint (id bigint not null auto_increment, categoryof_complint enum ('DRAINAGE_PROBLEM','GARBAGE_COLLECTION','ILLEGAL_CONSTRUCTION','OTHERS','ROAD_DAMAGE','STREET_LIGHT_ISSUE','WATER_SUPPLY_ISSUE'), name varchar(255), your_complaint varchar(255), user_profile_id bigint, complaint_id bigint, primary key (id)) engine=InnoDB
Hibernate: create table district (id bigint not null auto_increment, name varchar(255), primary key (id)) engine=InnoDB
Hibernate: create table punchayath (id bigint not null auto_increment, district varchar(255), location varchar(255), name varchar(255), state varchar(255), primary key (id)) engine=InnoDB
Hibernate: create table state (id bigint not null auto_increment, name varchar(255), primary key (id)) engine=InnoDB
Hibernate: create table user_profile (id bigint not null auto_increment, house_number bigint not null, name varchar(255), wardnumber bigint not null, district_id bigint, punchayath_id bigint, state_id bigint, primary key (id)) engine=InnoDB
Hibernate: alter table user_profile drop index UK23ohxj9ix5iy3n7fbl69kabix
Hibernate: alter table user_profile add constraint UK23ohxj9ix5iy3n7fbl69kabix unique (district_id)
Hibernate: alter table user_profile drop index UKc97tnhtsm1qlvudbr63ydkraw
Hibernate: alter table user_profile add constraint UKc97tnhtsm1qlvudbr63ydkraw unique (punchayath_id)
Hibernate: alter table user_profile drop index UK2vd5lmfo674e4oq76rokilvyt
Hibernate: alter table user_profile add constraint UK2vd5lmfo674e4oq76rokilvyt unique (state_id)
Hibernate: alter table complaint add constraint FKi6huy0v99u8muyhc60hrfne6f foreign key (user_profile_id) references user_profile (id)
Hibernate: alter table complaint add constraint FKdw0m7ytu0cpeo7w5oiq143hya foreign key (complaint_id) references user_profile (id)
Hibernate: alter table user_profile add constraint FKcxyf8u965q2vnssft7ssotmts foreign key (district_id) references district (id)
Hibernate: alter table user_profile add constraint FK6ev5ri3v1kveii7nup36yheot foreign key (punchayath_id) references punchayath (id)
Hibernate: alter table user_profile add constraint FKbcnhrn9c93dee5d7ch1ffm1x6 foreign key (state_id) references state (id)
2026-03-23T21:26:43.469+05:30  INFO 9288 --- [fixMyArea] [           main] j.LocalContainerEntityManagerFactoryBean : Initialized JPA EntityManagerFactory for persistence unit 'default'
2026-03-23T21:26:43.544+05:30  WARN 9288 --- [fixMyArea] [           main] JpaBaseConfiguration$JpaWebConfiguration : spring.jpa.open-in-view is enabled by default. Therefore, database queries may be performed during view rendering. Explicitly configure spring.jpa.open-in-view to disable this warning
2026-03-23T21:26:43.974+05:30  INFO 9288 --- [fixMyArea] [           main] c.s.fixMyArea.FixMyAreaApplicationTests  : Started FixMyAreaApplicationTests in 4.455 seconds (process running for 5.416)
]]></system-out>
    <system-err><![CDATA[Mockito is currently self-attaching to enable the inline-mock-maker. This will no longer work in future releases of the JDK. Please add Mockito as an agent to your build as described in Mockito's documentation: https://javadoc.io/doc/org.mockito/mockito-core/latest/org.mockito/org/mockito/Mockito.html#0.3
WARNING: A Java agent has been loaded dynamically (C:\Users\sunus\.m2\repository\net\bytebuddy\byte-buddy-agent\1.17.8\byte-buddy-agent-1.17.8.jar)
WARNING: If a serviceability tool is in use, please run with -XX:+EnableDynamicAgentLoading to hide this warning
WARNING: If a serviceability tool is not in use, please run with -Djdk.instrument.traceUsage for more information
WARNING: Dynamic loading of agents will be disallowed by default in a future release
]]></system-err>
  </testcase>
</testsuite>